<?xml version="1.0" encoding="UTF-8"?>
<!-- Generated by org.testng.reporters.JUnitReportReporter -->
<testsuite hostname="VIJAY" failures="0" tests="4" name="com.Ninja.qa.TestPages.HomePageTest" time="11.100" errors="0" timestamp="2023-10-12T17:04:25 IST" skipped="0">
  <testcase classname="com.Ninja.qa.TestPages.HomePageTest" name="testTitle" time="1.811"/>
  <system-out/>
  <testcase classname="com.Ninja.qa.TestPages.HomePageTest" name="testRegisterLink" time="2.167"/>
  <system-out/>
  <testcase classname="com.Ninja.qa.TestPages.HomePageTest" name="testLoginLink" time="2.410"/>
  <system-out/>
  <testcase classname="com.Ninja.qa.TestPages.HomePageTest" name="testMacLink" time="4.712"/>
  <system-out/>
</testsuite> <!-- com.Ninja.qa.TestPages.HomePageTest -->
