<?xml version="1.0" encoding="UTF-8"?>
<!-- Generated by org.testng.reporters.JUnitReportReporter -->
<testsuite hostname="VIJAY" failures="0" tests="3" name="com.Ninja.qa.TestPages.TestRegisterPage" time="14.763" errors="0" timestamp="2023-10-12T17:04:25 IST" skipped="0">
  <testcase classname="com.Ninja.qa.TestPages.TestRegisterPage" name="testregisterUser" time="5.115"/>
  <system-out/>
  <testcase classname="com.Ninja.qa.TestPages.TestRegisterPage" name="testregisterUser" time="4.780"/>
  <system-out/>
  <testcase classname="com.Ninja.qa.TestPages.TestRegisterPage" name="testregisterUser" time="4.868"/>
  <system-out/>
</testsuite> <!-- com.Ninja.qa.TestPages.TestRegisterPage -->
