<?xml version="1.0" encoding="UTF-8"?>
<!-- Generated by org.testng.reporters.JUnitReportReporter -->
<testsuite hostname="VIJAY" failures="0" tests="1" name="com.Ninja.qa.TestPages.TestProductPage" time="5.561" errors="0" timestamp="2023-10-12T17:04:25 IST" skipped="0">
  <testcase classname="com.Ninja.qa.TestPages.TestProductPage" name="testproduct_addtocart" time="5.561"/>
  <system-out/>
</testsuite> <!-- com.Ninja.qa.TestPages.TestProductPage -->
