<?xml version="1.0" encoding="UTF-8"?>
<!-- Generated by org.testng.reporters.JUnitReportReporter -->
<testsuite hostname="VIJAY" failures="0" tests="1" name="com.Ninja.qa.TestPages.TestSearchPage" time="3.429" errors="0" timestamp="2023-10-12T17:04:25 IST" skipped="0">
  <testcase classname="com.Ninja.qa.TestPages.TestSearchPage" name="searchProduct" time="3.429"/>
  <system-out/>
</testsuite> <!-- com.Ninja.qa.TestPages.TestSearchPage -->
